::1 - - [01/Jul/2020:17:44:34 +0000] "GET /feeds HTTP/1.1" 304 - "-" "Mozilla/5.0 (Windows NT 10.0; Win64; x64) AppleWebKit/537.36 (KHTML, like Gecko) Chrome/83.0.4103.116 Safari/537.36"
::1 - - [01/Jul/2020:17:44:34 +0000] "GET /static/css/main.5ff0d358.chunk.css HTTP/1.1" 304 - "http://localhost:8080/feeds" "Mozilla/5.0 (Windows NT 10.0; Win64; x64) AppleWebKit/537.36 (KHTML, like Gecko) Chrome/83.0.4103.116 Safari/537.36"
::1 - - [01/Jul/2020:17:44:34 +0000] "GET /static/js/1.146a3e8a.chunk.js HTTP/1.1" 304 - "http://localhost:8080/feeds" "Mozilla/5.0 (Windows NT 10.0; Win64; x64) AppleWebKit/537.36 (KHTML, like Gecko) Chrome/83.0.4103.116 Safari/537.36"
::1 - - [01/Jul/2020:17:44:34 +0000] "GET /static/js/main.89761ded.chunk.js HTTP/1.1" 200 31890 "http://localhost:8080/feeds" "Mozilla/5.0 (Windows NT 10.0; Win64; x64) AppleWebKit/537.36 (KHTML, like Gecko) Chrome/83.0.4103.116 Safari/537.36"
::1 - - [01/Jul/2020:17:44:35 +0000] "GET /static/css/main.5ff0d358.chunk.css.map HTTP/1.1" 304 - "-" "Mozilla/5.0 (Windows NT 10.0; Win64; x64) AppleWebKit/537.36 (KHTML, like Gecko) Chrome/83.0.4103.116 Safari/537.36"
::1 - - [01/Jul/2020:17:44:35 +0000] "GET /static/js/1.146a3e8a.chunk.js.map HTTP/1.1" 304 - "-" "Mozilla/5.0 (Windows NT 10.0; Win64; x64) AppleWebKit/537.36 (KHTML, like Gecko) Chrome/83.0.4103.116 Safari/537.36"
::1 - - [01/Jul/2020:17:44:35 +0000] "GET /manifest.json HTTP/1.1" 304 - "http://localhost:8080/" "Mozilla/5.0 (Windows NT 10.0; Win64; x64) AppleWebKit/537.36 (KHTML, like Gecko) Chrome/83.0.4103.116 Safari/537.36"
::1 - - [01/Jul/2020:17:44:35 +0000] "GET /static/js/main.89761ded.chunk.js.map HTTP/1.1" 200 74836 "-" "Mozilla/5.0 (Windows NT 10.0; Win64; x64) AppleWebKit/537.36 (KHTML, like Gecko) Chrome/83.0.4103.116 Safari/537.36"
::1 - - [01/Jul/2020:17:44:37 +0000] "GET /auth/status HTTP/1.1" 200 16 "http://localhost:8080/" "Mozilla/5.0 (Windows NT 10.0; Win64; x64) AppleWebKit/537.36 (KHTML, like Gecko) Chrome/83.0.4103.116 Safari/537.36"
::1 - - [01/Jul/2020:17:44:38 +0000] "GET /feeds/posts?page=1 HTTP/1.1" 200 487 "http://localhost:8080/" "Mozilla/5.0 (Windows NT 10.0; Win64; x64) AppleWebKit/537.36 (KHTML, like Gecko) Chrome/83.0.4103.116 Safari/537.36"
::1 - - [01/Jul/2020:17:44:41 +0000] "GET /auth HTTP/1.1" 200 2209 "-" "Mozilla/5.0 (Windows NT 10.0; Win64; x64) AppleWebKit/537.36 (KHTML, like Gecko) Chrome/83.0.4103.116 Safari/537.36"
::1 - - [01/Jul/2020:17:44:41 +0000] "GET /static/css/main.5ff0d358.chunk.css HTTP/1.1" 304 - "http://localhost:8080/auth" "Mozilla/5.0 (Windows NT 10.0; Win64; x64) AppleWebKit/537.36 (KHTML, like Gecko) Chrome/83.0.4103.116 Safari/537.36"
::1 - - [01/Jul/2020:17:44:41 +0000] "GET /static/js/1.146a3e8a.chunk.js HTTP/1.1" 304 - "http://localhost:8080/auth" "Mozilla/5.0 (Windows NT 10.0; Win64; x64) AppleWebKit/537.36 (KHTML, like Gecko) Chrome/83.0.4103.116 Safari/537.36"
::1 - - [01/Jul/2020:17:44:41 +0000] "GET /static/js/main.89761ded.chunk.js HTTP/1.1" 304 - "http://localhost:8080/auth" "Mozilla/5.0 (Windows NT 10.0; Win64; x64) AppleWebKit/537.36 (KHTML, like Gecko) Chrome/83.0.4103.116 Safari/537.36"
::1 - - [01/Jul/2020:17:44:41 +0000] "GET /static/css/main.5ff0d358.chunk.css.map HTTP/1.1" 304 - "-" "Mozilla/5.0 (Windows NT 10.0; Win64; x64) AppleWebKit/537.36 (KHTML, like Gecko) Chrome/83.0.4103.116 Safari/537.36"
::1 - - [01/Jul/2020:17:44:42 +0000] "GET /static/js/1.146a3e8a.chunk.js.map HTTP/1.1" 304 - "-" "Mozilla/5.0 (Windows NT 10.0; Win64; x64) AppleWebKit/537.36 (KHTML, like Gecko) Chrome/83.0.4103.116 Safari/537.36"
::1 - - [01/Jul/2020:17:44:42 +0000] "GET /static/js/main.89761ded.chunk.js.map HTTP/1.1" 304 - "-" "Mozilla/5.0 (Windows NT 10.0; Win64; x64) AppleWebKit/537.36 (KHTML, like Gecko) Chrome/83.0.4103.116 Safari/537.36"
::1 - - [01/Jul/2020:17:44:42 +0000] "GET /manifest.json HTTP/1.1" 304 - "http://localhost:8080/" "Mozilla/5.0 (Windows NT 10.0; Win64; x64) AppleWebKit/537.36 (KHTML, like Gecko) Chrome/83.0.4103.116 Safari/537.36"
::1 - - [01/Jul/2020:17:44:42 +0000] "GET /auth/status HTTP/1.1" 304 - "http://localhost:8080/" "Mozilla/5.0 (Windows NT 10.0; Win64; x64) AppleWebKit/537.36 (KHTML, like Gecko) Chrome/83.0.4103.116 Safari/537.36"
::1 - - [01/Jul/2020:17:44:43 +0000] "GET /feeds/posts?page=1 HTTP/1.1" 304 - "http://localhost:8080/" "Mozilla/5.0 (Windows NT 10.0; Win64; x64) AppleWebKit/537.36 (KHTML, like Gecko) Chrome/83.0.4103.116 Safari/537.36"
::1 - - [01/Jul/2020:17:45:08 +0000] "PATCH /auth/status HTTP/1.1" 200 42 "http://localhost:8080/" "Mozilla/5.0 (Windows NT 10.0; Win64; x64) AppleWebKit/537.36 (KHTML, like Gecko) Chrome/83.0.4103.116 Safari/537.36"
::1 - - [01/Jul/2020:17:45:24 +0000] "POST /auth/signin HTTP/1.1" 200 272 "http://localhost:8080/" "Mozilla/5.0 (Windows NT 10.0; Win64; x64) AppleWebKit/537.36 (KHTML, like Gecko) Chrome/83.0.4103.116 Safari/537.36"
::1 - - [01/Jul/2020:17:45:24 +0000] "GET /auth/status HTTP/1.1" 200 16 "http://localhost:8080/" "Mozilla/5.0 (Windows NT 10.0; Win64; x64) AppleWebKit/537.36 (KHTML, like Gecko) Chrome/83.0.4103.116 Safari/537.36"
::1 - - [01/Jul/2020:17:45:25 +0000] "GET /feeds/posts?page=1 HTTP/1.1" 304 - "http://localhost:8080/" "Mozilla/5.0 (Windows NT 10.0; Win64; x64) AppleWebKit/537.36 (KHTML, like Gecko) Chrome/83.0.4103.116 Safari/537.36"
::1 - - [01/Jul/2020:17:49:09 +0000] "GET /static/css/main.5ff0d358.chunk.css HTTP/1.1" 304 - "http://localhost:8080/" "Mozilla/5.0 (Windows NT 10.0; Win64; x64) AppleWebKit/537.36 (KHTML, like Gecko) Chrome/83.0.4103.116 Safari/537.36"
::1 - - [01/Jul/2020:17:49:09 +0000] "GET /static/js/1.146a3e8a.chunk.js.map HTTP/1.1" 304 - "-" "Mozilla/5.0 (Windows NT 10.0; Win64; x64) AppleWebKit/537.36 (KHTML, like Gecko) Chrome/83.0.4103.116 Safari/537.36"
::1 - - [01/Jul/2020:17:49:09 +0000] "GET /static/js/main.89761ded.chunk.js.map HTTP/1.1" 304 - "-" "Mozilla/5.0 (Windows NT 10.0; Win64; x64) AppleWebKit/537.36 (KHTML, like Gecko) Chrome/83.0.4103.116 Safari/537.36"
::1 - - [01/Jul/2020:17:49:09 +0000] "GET /static/css/main.5ff0d358.chunk.css.map HTTP/1.1" 304 - "-" "Mozilla/5.0 (Windows NT 10.0; Win64; x64) AppleWebKit/537.36 (KHTML, like Gecko) Chrome/83.0.4103.116 Safari/537.36"
::1 - - [01/Jul/2020:17:49:32 +0000] "PUT /auth/signup HTTP/1.1" 201 76 "http://localhost:8080/signup" "Mozilla/5.0 (Windows NT 10.0; Win64; x64) AppleWebKit/537.36 (KHTML, like Gecko) Chrome/83.0.4103.116 Safari/537.36"
::1 - - [01/Jul/2020:17:49:44 +0000] "POST /auth/signin HTTP/1.1" 200 274 "http://localhost:8080/" "Mozilla/5.0 (Windows NT 10.0; Win64; x64) AppleWebKit/537.36 (KHTML, like Gecko) Chrome/83.0.4103.116 Safari/537.36"
::1 - - [01/Jul/2020:17:49:44 +0000] "GET /auth/status HTTP/1.1" 304 - "http://localhost:8080/" "Mozilla/5.0 (Windows NT 10.0; Win64; x64) AppleWebKit/537.36 (KHTML, like Gecko) Chrome/83.0.4103.116 Safari/537.36"
::1 - - [01/Jul/2020:17:49:45 +0000] "GET /feeds/posts?page=1 HTTP/1.1" 304 - "http://localhost:8080/" "Mozilla/5.0 (Windows NT 10.0; Win64; x64) AppleWebKit/537.36 (KHTML, like Gecko) Chrome/83.0.4103.116 Safari/537.36"
